<?xml version="1.0" encoding="UTF-8"?>
<testng-results skipped="0" failed="0" total="1" passed="1">
  <reporter-output>
  </reporter-output>
  <suite name="Suite" duration-ms="62" started-at="2017-11-18T08:55:16Z" finished-at="2017-11-18T08:55:16Z">
    <groups>
    </groups>
    <test name="Test" duration-ms="62" started-at="2017-11-18T08:55:16Z" finished-at="2017-11-18T08:55:16Z">
      <class name="com.sag.rest.RestAdvance">
        <test-method status="PASS" signature="check()[pri:0, instance:com.sag.rest.RestAdvance@47f37ef1]" name="check" duration-ms="16" started-at="2017-11-18T14:25:16Z" finished-at="2017-11-18T14:25:16Z">
          <reporter-output>
          </reporter-output>
        </test-method> <!-- check -->
      </class> <!-- com.sag.rest.RestAdvance -->
    </test> <!-- Test -->
  </suite> <!-- Suite -->
</testng-results>
