<?xml version="1.0" encoding="UTF-8"?>
<testng-results skipped="0" failed="0" total="1" passed="1">
  <reporter-output>
  </reporter-output>
  <suite name="Suite" duration-ms="2954" started-at="2017-11-05T06:06:54Z" finished-at="2017-11-05T06:06:57Z">
    <groups>
    </groups>
    <test name="Test" duration-ms="2954" started-at="2017-11-05T06:06:54Z" finished-at="2017-11-05T06:06:57Z">
      <class name="com.sag.resttest.RestTestTest">
        <test-method status="PASS" signature="f()[pri:0, instance:com.sag.resttest.RestTestTest@71f2a7d5]" name="f" duration-ms="2919" started-at="2017-11-05T11:36:54Z" finished-at="2017-11-05T11:36:57Z">
          <reporter-output>
          </reporter-output>
        </test-method> <!-- f -->
      </class> <!-- com.sag.resttest.RestTestTest -->
    </test> <!-- Test -->
  </suite> <!-- Suite -->
</testng-results>
